<?xml version="1.0" encoding="UTF-8"?>
<testng-results skipped="0" failed="1" ignored="0" total="1" passed="0">
  <reporter-output>
  </reporter-output>
  <suite name="POC Report" duration-ms="3768" started-at="2020-07-10T00:36:14 BST" finished-at="2020-07-10T00:36:17 BST">
    <groups>
    </groups>
    <test name="Run CPQ Test Scripts" duration-ms="3768" started-at="2020-07-10T00:36:14 BST" finished-at="2020-07-10T00:36:17 BST">
      <class name="VerifyCarPrice">
        <test-method status="PASS" signature="setBrowser()[pri:0, instance:VerifyCarPrice@cb5822]" name="setBrowser" is-config="true" duration-ms="1424" started-at="2020-07-10T00:36:14 BST" finished-at="2020-07-10T00:36:15 BST">
          <reporter-output>
          </reporter-output>
        </test-method> <!-- setBrowser -->
        <test-method status="FAIL" signature="verifyPrice()[pri:0, instance:VerifyCarPrice@cb5822]" name="verifyPrice" duration-ms="2222" started-at="2020-07-10T00:36:15 BST" finished-at="2020-07-10T00:36:17 BST">
          <exception class="java.lang.AssertionError">
            <message>
              <![CDATA[Actual is BW57 but expected is BW57BOF expected [BW57BOF] but found [BW57]]]>
            </message>
            <full-stacktrace>
              <![CDATA[java.lang.AssertionError: Actual is BW57 but expected is BW57BOF expected [BW57BOF] but found [BW57]
at org.testng.Assert.fail(Assert.java:97)
at org.testng.Assert.assertEqualsImpl(Assert.java:136)
at org.testng.Assert.assertEquals(Assert.java:118)
at org.testng.Assert.assertEquals(Assert.java:575)
at VerifyCarPrice.verifyPrice(VerifyCarPrice.java:70)
at sun.reflect.NativeMethodAccessorImpl.invoke0(Native Method)
at sun.reflect.NativeMethodAccessorImpl.invoke(NativeMethodAccessorImpl.java:62)
at sun.reflect.DelegatingMethodAccessorImpl.invoke(DelegatingMethodAccessorImpl.java:43)
at java.lang.reflect.Method.invoke(Method.java:498)
at org.testng.internal.MethodInvocationHelper.invokeMethod(MethodInvocationHelper.java:134)
at org.testng.internal.TestInvoker.invokeMethod(TestInvoker.java:597)
at org.testng.internal.TestInvoker.invokeTestMethod(TestInvoker.java:173)
at org.testng.internal.MethodRunner.runInSequence(MethodRunner.java:46)
at org.testng.internal.TestInvoker$MethodInvocationAgent.invoke(TestInvoker.java:816)
at org.testng.internal.TestInvoker.invokeTestMethods(TestInvoker.java:146)
at org.testng.internal.TestMethodWorker.invokeTestMethods(TestMethodWorker.java:146)
at org.testng.internal.TestMethodWorker.run(TestMethodWorker.java:128)
at java.util.ArrayList.forEach(ArrayList.java:1249)
at org.testng.TestRunner.privateRun(TestRunner.java:766)
at org.testng.TestRunner.run(TestRunner.java:587)
at org.testng.SuiteRunner.runTest(SuiteRunner.java:384)
at org.testng.SuiteRunner.access$000(SuiteRunner.java:28)
at org.testng.SuiteRunner$SuiteWorker.run(SuiteRunner.java:425)
at org.testng.internal.thread.ThreadUtil.lambda$execute$0(ThreadUtil.java:68)
at java.util.concurrent.FutureTask.run(FutureTask.java:266)
at java.util.concurrent.ThreadPoolExecutor.runWorker(ThreadPoolExecutor.java:1142)
at java.util.concurrent.ThreadPoolExecutor$Worker.run(ThreadPoolExecutor.java:617)
at java.lang.Thread.run(Thread.java:748)
]]>
            </full-stacktrace>
          </exception> <!-- java.lang.AssertionError -->
          <reporter-output>
          </reporter-output>
        </test-method> <!-- verifyPrice -->
        <test-method status="PASS" signature="quitBrowser()[pri:0, instance:VerifyCarPrice@cb5822]" name="quitBrowser" is-config="true" duration-ms="92" started-at="2020-07-10T00:36:17 BST" finished-at="2020-07-10T00:36:17 BST">
          <reporter-output>
          </reporter-output>
        </test-method> <!-- quitBrowser -->
      </class> <!-- VerifyCarPrice -->
    </test> <!-- Run CPQ Test Scripts -->
  </suite> <!-- POC Report -->
</testng-results>
